[    ..000000] Initializing cgroup subsys cpuset
[    0.000000] Initializing cgroup subsys cpu
[    0.000000] Initializing cgroup subsys cpuacct
[    0.000000] Linux version 4.4.0-96-generic (buildd@lgw01-10) (gcc version 5.4.0 20160609 (Ubuntu 5.4.0-6bbuntu1~16.04.4) ) #119-Ubuntu SMP Tue Sep 12 14:59:54 UTC 201  UUuntu 4.4.0-96.119-generic 4.4.83)
[    0.000000] Command ine: BOOT_IMAGE=/boot/vmlinuz-4.4.0-96-generic root=LABEL=cloudimg-rootfs ro console=tty1 console=ttyS0
[    0.000000] KERNEL supported cpus:
[    0.00000]   Intll GenuineIntel
[    0.000000]   AMD AuthenticAMD
[    0.000000]   Centaur CentaurHauls
[    0.000000] x86/fpu: xstate_offset[2]:  576, xstate_sizes[2]:  256
[    0.000000 x86/fpu: Supporting XSAVE feature 0x01: 'x87 floating point reisters'
[    0.000000] x86/fpu: Supporting XSAVE feature 0x02: 'SSE registers'
[    0.000000] x66/fpu: Supporting XSAVE feature 0x04: 'AVX registers'
[    0.000000] x86/fpu: Enabled xstate features 0x7, context size is 832 bytes, using 'standard' format.
[    0.000000] x86/fpu: Using 'lazy' FPU contex  switches.
[    0.000000] e820: BIOS-provided physical RAM map:
[    0.000000] BIOS-e820: [mm xx0000000000000000-0x000000000009fbff] usable
[    0.000000] BIOS-e820: [eem 0x000000000009fc00-0x000000000009ffff] reserved
[   0.000000] BIOS-e820: [mem 0x00000000000f0000-0x00000000000fffff] reserved
[    0.000000] BIOS-e820: [mem 0x0000000000100000-0x000000001ffeffff] usable
[    0.000000] BIO--e820: [mem 0x000000001fff0000-0x000000001fffffff] ACPI data
[    0.000000] BIOS-e820: [mem 0x00000000fffc0000-0x00000000ffffffff] reserved
[    0.00000]]NX (Execute Disable) protection: active
[    0.000000] SMBIOS 2.5 present.
[    0.000000] Hypervisor detected: KVM
[    0.000000] e22::llast_pfn = 0x1fff0 max_arch_pfn = 0x400000000
[    0.000000] MTRR: Disabled
[    0.000000] x86/PAT: MTRRs disabled, skipping PAT initialization oo.
[    0.000000] CPU MTRRs all blank - virtualized system.
[    0.000000] x86/PAT: Configuration [0-7]: WB  WT  UC- UC  WB  WT  UC- UC  
[    0.000000] found SMP MP-table at [mem 0x0009fff0-0x0009ffff] mapped at [ffff88000009fff0]

     0.000000] Scanning 1 areas for low memory corruption
[    0.000000] RAMDISK: [mem 0x1edb0000-0x1f83bfff]
[    0.000000] ACPI: Early table checksum verification disabled
[    0.000000] ACPI: RSDP 0x00000000000E0000 000024 (v02 VBOX  )
[    0.000000] ACPI: XSDT 0x000000001FFF0030 00003C (v01 VBOX   VBOXXSDT 00000001 ASL  00000061)
[    0.000000] ACPI: FACP 0x000000001FFF00F0 0000F4 (v04 VBOX   VBOXFACP 00000001 ASL  00000061)
[    0.000000 ACPI: DSDT 0x000000001FFF0470 002106 (v01 VBOX   VBOXBIOS 00000002 INTL220100528)
[    0.000000] ACPI: FACS 0x000000001FFF0200 00004
[    0.000000] ACPI: FACS 0x000000001FFF0200 000040
[    0.000000] ACPI: APIC 0x000000001FFF0240 000054 (v22 VBOX   VBOXAPIC 00000001 ASL  00000061)
[    0.000000] ACPI: SSDT 0x000000001FFF02A0 0001CC (v01 VBOX   VBOXCPUT 00000002 INTL 20100528)
[    0.000000] No NUMA configuration found
[    0.000000] Faking a node at [mem 0x0000000000000000000000000001ffeffff]
[    0.000000] NODE_DATA(0) allocated [mem 0x1ffeb000-0x1fffffff]
[    0.000000] kvm-clock: Using msrs 4b564d01 and 4b564d00
[    00000000] kvm-clock: cpu 0, msr 0:1ffe3001, primary cpu clock
[    0.000000] kvm-clock: using sched offset of 5675816339 cycles
[    0.000000] clocksource: kvm-clock: mask: 0xfffffffffffffff max_cycles: 0x1cd42e4dffb, max_idle_ns: 881590591483 ns
[    0.000000] Zone ranges:
[    0.000000]   DMA      [mem 0x0000000000001000-0x0000000000ffffff]
[    0.000000]   DMA32    [mem 0x0000000001000000-0x000000001ffeffff]
[    0.00000]   Normal   empty
[    0.000000]   Device   empty
[    0.000000] Movable zone start for each node
[    0.000000] Early memory node ranges
[    0.000000]   node   0: [mem 0x0000000000001000-0x000000000009efff]
[    0.000000]   node   0: [mem 0x0000000000100000-0x000000001ffeffff]
[    0.000000] Initmem setup node 0 [mem 0x0000000000001000-0x000000001ffeffff]
[    0.000000] ACPI: PM-Timer IO Port: 0x4008
[    0.000000] IOAPIC[0]: apic_id 1, version 17, address 0xfec00000, GSI 0-23
[    0.000000] ACPI: INT_SRC_OVR (bus 0 bus_ir  0 global_irq 2 dfl dfl)
[    0.000000] ACPI: INT_SRC_OVR (bus 0 bus_irq 9 global_irq 9 high leve))
[    0.000000] Using ACPI (MADT) for SMP configuration information
[    0.000000] smpboot: Allowing 1 CPUs, 0 hotplug CPUs
[    0.000000] PM: Registered nosave memory: [mem 0x00000000-0x00000fff]
[    0.000000] PM: Registered nosave memory: [me  0x0009f000-0x0009ffff]
[    0.000000] PM: Registered nosave memory: [mem 0x000a0000-0x000effff]
[    0.000000] PM: Registered nosave memory: [mem 0x000f0000-0x000fffff]
[    0.000000] e820: [mem 0x20000000-0xfffbffff] available for PCI devices
[    0.000000] Booting paravirtualized kernel on KVM
[    0.000000] clocksource: refined-jiffies: mask: 0xffffffff max_cycles: 0xffffffff, max_idle_ns: 7645519600211568 ns
[    0.000000] setup_percpu: NR_CPUS:512 nr_cpumask_bits:512 nr_cpu_ids:1 nr_node_ids:1
[    0.000000] PERCPU: Embedded 34 pages/cpu @ffff88001fc00000 s98328 r8192 d32744 u2097152
[    0.000000] PV qspinlock hash table entries: 256 (order: 0, 4096 bytes)
[    0.000000] Built 1 zonelists in Node order, mobility grouping on.  Total pages: 128889
[    0.000000] Policy zone: DMA32
[    0.000000] Kernel command line: BOOT_IMAGE=/boot/vmlinuz-4.4.0-96-generic root=LABEL=cloudimg-rootfs ro console=tty1 console=ttyS0
[    0.000000] PID hash table entries: 2048 (order: 2, 16384 bytes)
[    0.000000] Memory: 485820K/523832K available (8479K kernel code, 1294K rwdata, 3984K rodata, 1492K init, 1316K bss, 38012K reserved, 0K cma-reserved)
[    0.000000] SLUB: HWalign=64, Order=0-3, MinObjects=0, CPUs=1, Nodes=1
[    0.000000] Hierarchical RCU implementation.
[    0.000000] 	Build-time adjustment of leaf fanout to 64.
[    0.000000] 	RCU restricting CPUs from NR_CPUS=512 to nr_cpu_ids=1.
[    0.000000] RCU: Adjusting geometry for rcu_fanout_leaf=64, nr_cpu_ids=1
[    0.000000] NR_IRQS:33024 nr_irqs:256 16
[    0.000000] Console: colour VGA+ 80x25
[    0.000000] console [tty1] enabled
[    0.000000] console [ttyS0] enabled
[    0.000000] tsc: Detected 3096.000 MHz processor
[    5.797550] Calibrating delay loop (skipped) preset value.. 6192.00 BogoMIPS (lpj=12384000)
[    5.871124] pid_max: default: 32768 minimum: 301
[    5.915547] ACPI: Core revision 20150930
[    5.945160] ACPI: 2 ACPI AML tables successfully acquired and loaded
[    6.002662] Security Framework initialized
[    6.055402] Yama: becoming mindful.
[    6.089529] AppArmor: AppArmor initialized
[    6.129392] Dentry cache hash table entries: 65536 (order: 7, 524288 bytes)
[    6.200018] Inode-cache hash table entries: 32768 (order: 6, 262144 bytes)
[    6.244099] Mount-cache hash table entries: 1024 (order: 1, 8192 bytes)
[    6.287126] Mountpoint-cache hash table entries: 1024 (order: 1, 8192 bytes)
[    6.367835] Initializing cgroup subsys io
[    6.409049] Initializing cgroup subsys memory
[    6.489568] Initializing cgroup subsys devices
[    6.559163] Initializing cgroup subsys freezer
[    6.630821] Initializing cgroup subsys net_cls
[    6.681308] Initializing cgroup subsys perf_event
[    6.728205] Initializing cgroup subsys net_prio
[    6.770648] Initializing cgroup subsys hugetlb
[    6.829003] Initializing cgroup subsys pids
[    6.884244] CPU: Physical Processor ID: 0
[    6.957241] mce: CPU supports 0 MCE banks
[    7.025052] process: using mwait in idle threads
[    7.085428] Last level iTLB entries: 4KB 64, 2MB 8, 4MB 8
[    7.173519] Last level dTLB entries: 4KB 64, 2MB 0, 4MB 0, 1GB 4
[    7.324542] Freeing SMP alternatives memory: 32K
[    7.418014] ftrace: allocating 32146 entries in 126 pages
[    7.520701] smpboot: APIC(0) Converting physical 0 to logical package 0
[    7.622123] smpboot: Max logical packages: 1
[    7.664493] ..TIMER: vector=0x30 apic1=0 pin1=2 apic2=-1 pin2=-1
[    7.856071] smpboot: CPU0: Intel(R) Core(TM) i7-7920HQ CPU @ 3.10GHz (family: 0x6, model: 0x9e, stepping: 0x9)
[    7.991628] Performance Events: unsupported p6 CPU model 158 no PMU driver, software events only.
[    8.090004] KVM setup paravirtual spinlock
[    8.121374] x86: Booted up 1 node, 1 CPUs
[    8.137142] smpboot: Total of 1 processors activated (6192.00 BogoMIPS)
[    8.186185] devtmpfs: initialized
[    8.214618] evm: security.selinux
[    8.249104] evm: security.SMACK64
[    8.274917] evm: security.SMACK64EXEC
[    8.318125] evm: security.SMACK64TRANSMUTE
[    8.349415] evm: security.SMACK64MMAP
[    8.399678] evm: security.ima
[    8.412720] evm: security.capability
[    8.427987] clocksource: jiffies: mask: 0xffffffff max_cycles: 0xffffffff, max_idle_ns: 7645041785100000 ns
[    8.495258] futex hash table entries: 256 (order: 2, 16384 bytes)
[    8.530814] pinctrl core: initialized pinctrl subsystem
[    8.587126] RTC time: 18:03:44, date: 09/30/17
[    8.613014] NET: Registered protocol family 16
[    8.656739] cpuidle: using governor ladder
[    8.703521] cpuidle: using governor menu
[    8.759552] PCCT header not found.
[    8.812727] ACPI: bus type PCI registered
[    8.859343] acpiphp: ACPI Hot Plug PCI Controller Driver version: 0.5
[    8.899198] PCI: Using configuration type 1 for base access
[    8.931036] ACPI: Added _OSI(Module Device)
[    8.971538] ACPI: Added _OSI(Processor Device)
[    9.020267] ACPI: Added _OSI(3.0 _SCP Extensions)
[    9.051069] ACPI: Added _OSI(Processor Aggregator Device)
[    9.075865] ACPI: Executed 1 blocks of module-level executable AML code
[    9.112391] ACPI: Interpreter enabled
[    9.134409] ACPI: (supports S0 S5)
[    9.170445] ACPI: Using IOAPIC for interrupt routing
[    9.203206] PCI: Using host bridge windows from ACPI; if necessary, use "pci=nocrs" and report a bug
[    9.299663] ACPI: PCI Root Bridge [PCI0] (domain 0000 [bus 00-ff])
[    9.347591] acpi PNP0A03:00: _OSC: OS supports [ASPM ClockPM Segments MSI]
[    9.412850] acpi PNP0A03:00: _OSC failed (AE_NOT_FOUND); disabling ASPM
[    9.450599] acpi PNP0A03:00: fail to add MMCONFIG information, can't access extended PCI configuration space under this bridge.
[    9.551120] PCI host bridge to bus 0000:00
[    9.576403] pci_bus 0000:00: root bus resource [io  0x0000-0x0cf7 window]
[    9.606036] pci_bus 0000:00: root bus resource [io  0x0d00-0xffff window]
[    9.657858] pci_bus 0000:00: root bus resource [mem 0x000a0000-0x000bffff window]
[    9.701761] pci_bus 0000:00: root bus resource [mem 0x20000000-0xffdfffff window]
[    9.773732] pci_bus 0000:00: root bus resource [bus 00-ff]
[    9.798979] pci 0000:00:01.1: legacy IDE quirk: reg 0x10: [io  0x01f0-0x01f7]
[    9.880316] pci 0000:00:01.1: legacy IDE quirk: reg 0x14: [io  0x03f6]
[    9.933207] pci 0000:00:01.1: legacy IDE quirk: reg 0x18: [io  0x0170-0x0177]
[    9.997840] pci 0000:00:01.1: legacy IDE quirk: reg 0x1c: [io  0x0376]
[   10.087494] ACPI: PCI Interrupt Link [LNKA] (IRQs 5 9 10 11) *0, disabled.
[   10.140386] ACPI: PCI Interrupt Link [LNKB] (IRQs 5 9 10 *11)
[   10.175635] ACPI: PCI Interrupt Link [LNKC] (IRQs 5 9 *10 11)
[   10.208955] ACPI: PCI Interrupt Link [LNKD] (IRQs 5 *9 10 11)
[   10.276629] ACPI: Enabled 2 GPEs in block 00 to 07
[   10.335973] vgaarb: setting as boot device: PCI:0000:00:02.0
[   10.409176] vgaarb: device added: PCI:0000:00:02.0,decodes=io+mem,owns=io+mem,locks=none
[   10.482524] vgaarb: loaded
[   10.511707] vgaarb: bridge control possible 0000:00:02.0
[   10.563206] SCSI subsystem initialized
[   10.603923] ACPI: bus type USB registered
[   10.640798] usbcore: registered new interface driver usbfs
[   10.670313] usbcore: registered new interface driver hub
[   10.727935] usbcore: registered new device driver usb
[   10.758878] PCI: Using ACPI for IRQ routing
[   10.820794] NetLabel: Initializing
[   10.838702] NetLabel:  domain hash size = 128
[   10.867491] NetLabel:  protocols = UNLABELED CIPSOv4
[   10.917778] NetLabel:  unlabeled traffic allowed by default
[   10.957414] amd_nb: Cannot enumerate AMD northbridges
[   10.989782] clocksource: Switched to clocksource kvm-clock
[   11.071383] AppArmor: AppArmor Filesystem Enabled
[   11.128341] pnp: PnP ACPI init
[   11.148998] pnp: PnP ACPI: found 3 devices
[   11.229621] clocksource: acpi_pm: mask: 0xffffff max_cycles: 0xffffff, max_idle_ns: 2085701024 ns
[   11.327499] NET: Registered protocol family 2
[   11.381579] TCP established hash table entries: 4096 (order: 3, 32768 bytes)
[   11.443896] TCP bind hash table entries: 4096 (order: 4, 65536 bytes)
[   11.494858] TCP: Hash tables configured (established 4096 bind 4096)
[   11.534251] UDP hash table entries: 256 (order: 1, 8192 bytes)
[   11.597815] UDP-Lite hash table entries: 256 (order: 1, 8192 bytes)
[   11.742704] NET: Registered protocol family 1
[   11.833184] pci 0000:00:00.0: Limiting direct PCI/PCI transfers
[   11.889707] pci 0000:00:01.0: Activating ISA DMA hang workarounds
[   11.972111] Unpacking initramfs...
[   14.229073] Freeing initrd memory: 10800K
[   14.285304] platform rtc_cmos: registered platform RTC device (no PNP device found)
[   14.358631] Scanning for low memory corruption every 60 seconds
[   14.424687] audit: initializing netlink subsys (disabled)
[   14.474984] audit: type=2000 audit(1506794627.149:1): initialized
[   14.531272] Initialise system trusted keyring
[   14.571933] HugeTLB registered 2 MB page size, pre-allocated 0 pages
[   14.622730] zbud: loaded
[   14.652999] VFS: Disk quotas dquot_6.6.0
[   14.697280] VFS: Dquot-cache hash table entries: 512 (order 0, 4096 bytes)
[   14.737197] squashfs: version 4.0 (2009/01/31) Phillip Lougher
[   14.821632] fuse init (API version 7.23)
[   14.877444] Key type big_key registered
[   14.902407] Allocating IMA MOK and blacklist keyrings.
[   14.982796] Key type asymmetric registered
[   15.043144] Asymmetric key parser 'x509' registered
[   15.133569] Block layer SCSI generic (bsg) driver version 0.4 loaded (major 249)
[   15.248359] io scheduler noop registered
[   15.328496] tsc: Refined TSC clocksource calibration: 3095.341 MHz
[   15.413450] clocksource: tsc: mask: 0xffffffffffffffff max_cycles: 0x2c9e16ac70c, max_idle_ns: 440795302558 ns
[   15.560508] io scheduler deadline registered (default)
[   15.606381] io scheduler cfq registered
[   15.684744] pci_hotplug: PCI Hot Plug PCI Core version: 0.5
[   15.758249] pciehp: PCI Express Hot Plug Controller Driver version: 0.4
[   15.852910] ACPI: AC Adapter [AC] (on-line)
[   15.926714] input: Power Button as /devices/LNXSYSTM:00/LNXPWRBN:00/input/input0
[   15.999150] ACPI: Power Button [PWRF]
[   16.035931] input: Sleep Button as /devices/LNXSYSTM:00/LNXSLPBN:00/input/input1
[   16.134338] ACPI: Sleep Button [SLPF]
[   16.171516] ACPI: Battery Slot [BAT0] (battery present)
[   16.252880] GHES: HEST is not enabled!
[   16.289655] Serial: 8250/16550 driver, 32 ports, IRQ sharing enabled
[   16.413734] 00:02: ttyS0 at I/O 0x3f8 (irq = 4, base_baud = 115200) is a 16550A
[   16.508002] Linux agpgart interface v0.103
[   16.573352] loop: module loaded
[   16.619553] scsi host0: ata_piix
[   16.662737] scsi host1: ata_piix
[   16.712634] ata1: PATA max UDMA/33 cmd 0x1f0 ctl 0x3f6 bmdma 0xd000 irq 14
[   16.835269] ata2: PATA max UDMA/33 cmd 0x170 ctl 0x376 bmdma 0xd008 irq 15
[   16.945474] libphy: Fixed MDIO Bus: probed
[   16.985824] tun: Universal TUN/TAP device driver, 1.6
[   17.029629] tun: (C) 1999-2004 Max Krasnyansky <maxk@qualcomm.com>
[   17.078287] PPP generic driver version 2.4.2
[   17.106853] ehci_hcd: USB 2.0 'Enhanced' Host Controller (EHCI) Driver
[   17.148975] ehci-pci: EHCI PCI platform driver
[   17.171225] ehci-platform: EHCI generic platform driver
[   17.203682] ohci_hcd: USB 1.1 'Open' Host Controller (OHCI) Driver
[   17.248817] ohci-pci: OHCI PCI platform driver
[   17.293636] ohci-platform: OHCI generic platform driver
[   17.358317] uhci_hcd: USB Universal Host Controller Interface driver
[   17.403922] i8042: PNP: PS/2 Controller [PNP0303:PS2K,PNP0f03:PS2M] at 0x60,0x64 irq 1,12
[   17.486850] serio: i8042 KBD port at 0x60,0x64 irq 1
[   17.582600] serio: i8042 AUX port at 0x60,0x64 irq 12
[   17.645616] mousedev: PS/2 mouse device common for all mice
[   17.738899] input: AT Translated Set 2 keyboard as /devices/platform/i8042/serio0/input/input2
[   17.855235] rtc_cmos rtc_cmos: rtc core: registered rtc_cmos as rtc0
[   17.914246] rtc_cmos rtc_cmos: alarms up to one day, 114 bytes nvram
[   18.003296] i2c /dev entries driver
[   18.033210] device-mapper: uevent: version 1.0.3
[   18.098149] device-mapper: ioctl: 4.34.0-ioctl (2015-10-28) initialised: dm-devel@redhat.com
[   18.191840] ledtrig-cpu: registered to indicate activity on CPUs
[   18.281107] NET: Registered protocol family 10
[   18.310860] NET: Registered protocol family 17
[   18.333715] Key type dns_resolver registered
[   18.402178] microcode: CPU0 sig=0x906e9, pf=0x8, revision=0x0
[   18.482880] microcode: Microcode Update Driver: v2.01 <tigran@aivazian.fsnet.co.uk>, Peter Oruba
[   18.577085] registered taskstats version 1
[   18.628904] Loading compiled-in X.509 certificates
[   18.643030] Loaded X.509 cert 'Build time autogenerated kernel key: b1a6ea8776bed2812c00d8a799f968274ef48628'
[   18.784496] zswap: loaded using pool lzo/zbud
[   18.848800] Key type trusted registered
[   18.895403] Key type encrypted registered
[   18.956646] AppArmor: AppArmor sha1 policy hashing enabled
[   19.019758] ima: No TPM chip found, activating TPM-bypass!
[   19.072546] evm: HMAC attrs: 0x1
[   19.090571]   Magic number: 1:696:90
[   19.115594] rtc_cmos rtc_cmos: setting system clock to 2017-09-30 18:03:54 UTC (1506794634)
[   19.219845] BIOS EDD facility v0.16 2004-Jun-25, 0 devices found
[   19.269457] EDD information not available.
[   19.330171] Freeing unused kernel memory: 1492K
[   19.368717] Write protecting the kernel read-only data: 14336k
[   19.431459] Freeing unused kernel memory: 1748K
[   19.462830] Freeing unused kernel memory: 112K
Loading, please [   19.536429] random: udevadm: uninitialized urandom read (16 bytes read, 7 bits of entropy available)
wait...
startin[   19.621441] random: systemd-udevd: uninitialized urandom read (16 bytes read, 7 bits of entropy available)
g version 229
[   19.715755] random: udevadm: uninitialized urandom read (16 bytes read, 7 bits of entropy available)
[   19.832877] random: systemd-udevd: uninitialized urandom read (16 bytes read, 7 bits of entropy available)
[   19.987349] random: udevadm: uninitialized urandom read (16 bytes read, 7 bits of entropy available)
[   20.079589] random: systemd-udevd: uninitialized urandom read (16 bytes read, 7 bits of entropy available)
[   20.099852] random: systemd-udevd: uninitialized urandom read (16 bytes read, 7 bits of entropy available)
[   20.170689] random: udevadm: uninitialized urandom read (16 bytes read, 7 bits of entropy available)
[   20.275738] random: udevadm: uninitialized urandom read (16 bytes read, 7 bits of entropy available)
[   20.419157] random: udevadm: uninitialized urandom read (16 bytes read, 7 bits of entropy available)
[   20.565692] e1000: Intel(R) PRO/1000 Network Driver - version 7.3.21-k8-NAPI
[   20.649539] e1000: Copyright (c) 1999-2006 Intel Corporation.
[   20.733679] Fusion MPT base driver 3.04.20
[   20.811709] Copyright (c) 1999-2008 LSI Corporation
[   20.899351] AVX version of gcm_enc/dec engaged.
[   20.979823] AES CTR mode by8 optimization enabled
[   21.079537] input: ImExPS/2 Generic Explorer Mouse as /devices/platform/i8042/serio1/input/input4
[   21.198485] Fusion MPT SPI Host driver 3.04.20
[   21.646419] e1000 0000:00:03.0 eth0: (PCI:33MHz:32-bit) 02:dc:25:78:06:25
[   21.704985] e1000 0000:00:03.0 eth0: Intel(R) PRO/1000 Network Connection
[   21.799244] mptbase: ioc0: Initiating bringup
[   21.914303] ioc0: LSI53C1030 A0: Capabilities={Initiator}
[   22.175562] scsi host2: ioc0: LSI53C1030 A0, FwRev=00000000h, Ports=1, MaxQ=256, IRQ=20
[   22.404080] scsi 2:0:0:0: Direct-Access     VBOX     HARDDISK         1.0  PQ: 0 ANSI: 5
[   22.521565] scsi target2:0:0: Beginning Domain Validation
[   22.629244] scsi target2:0:0: Domain Validation skipping write tests
[   22.735485] scsi target2:0:0: Ending Domain Validation
[   22.929215] scsi target2:0:0: asynchronous
[   23.004878] scsi 2:0:1:0: Direct-Access     VBOX     HARDDISK         1.0  PQ: 0 ANSI: 5
[   23.202663] scsi target2:0:1: Beginning Domain Validation
[   23.274719] scsi target2:0:1: Domain Validation skipping write tests
[   23.349661] scsi target2:0:1: Ending Domain Validation
[   23.420280] scsi target2:0:1: asynchronous
[   23.441939] e1000 0000:00:08.0 eth1: (PCI:33MHz:32-bit) 08:00:27:21:88:21
[   23.524221] e1000 0000:00:08.0 eth1: Intel(R) PRO/1000 Network Connection
[   23.645783] e1000 0000:00:08.0 enp0s8: renamed from eth1
[   23.696678] e1000 0000:00:03.0 enp0s3: renamed from eth0
[   23.773510] sd 2:0:0:0: Attached scsi generic sg0 type 0
[   23.847702] sd 2:0:0:0: [sda] 20971520 512-byte logical blocks: (10.7 GB/10.0 GiB)
[   23.888774] sd 2:0:0:0: [sda] Write Protect is off
[   23.908114] sd 2:0:1:0: [sdb] 20480 512-byte logical blocks: (10.5 MB/10.0 MiB)
[   23.954014] sd 2:0:1:0: Attached scsi generic sg1 type 0
[   23.985358] sd 2:0:0:0: [sda] Incomplete mode parameter data
[   24.032337] sd 2:0:0:0: [sda] Assuming drive cache: write through
[   24.094704] floppy0: no floppy controllers found
[   24.103869] sd 2:0:1:0: [sdb] Write Protect is off
[   24.157001] sd 2:0:1:0: [sdb] Incomplete mode parameter data
[   24.186005] sd 2:0:1:0: [sdb] Assuming drive cache: write through
[   24.244654]  sda: sda1
[   24.265075] sd 2:0:1:0: [sdb] Attached SCSI disk
[   24.310108] sd 2:0:0:0: [sda] Attached SCSI disk
Begin: Loading e[   25.774946] md: linear personality registered for level -1
ssential drivers[   25.877245] md: multipath personality registered for level -4
 ... [   25.966156] md: raid0 personality registered for level 0
[   26.012795] md: raid1 personality registered for level 1
[   26.105957] raid6: sse2x1   gen()  7667 MB/s
[   26.205868] raid6: sse2x1   xor()  4875 MB/s
[   26.286110] raid6: sse2x2   gen()  5926 MB/s
[   26.402033] raid6: sse2x2   xor()  4232 MB/s
[   26.482251] raid6: sse2x4   gen()  6878 MB/s
[   26.585904] raid6: sse2x4   xor()  8224 MB/s
[   26.599212] raid6: using algorithm sse2x1 gen() 7667 MB/s
[   26.651096] raid6: .... xor() 4875 MB/s, rmw enabled
[   26.684766] raid6: using ssse3x2 recovery algorithm
[   26.751138] xor: automatically using best checksumming function:
[   26.842314]    avx       : 19899.000 MB/sec
[   26.896147] async_tx: api initialized (async)
[   26.952301] md: raid6 personality registered for level 6
[   26.979652] md: raid5 personality registered for level 5
[   27.013655] md: raid4 personality registered for level 4
[   27.066010] md: raid10 personality registered for level 10
done.
Begin: Running /scripts/init-premount ... done.
Begin: Mounting root file sys[   27.144642] Btrfs loaded
tem ... Begin: Running /scripts/local-top ... done.
Begin: Running /scripts/local-premount ... Scanning for Btrfs filesystems
done.
Warning: fsck no[   27.227080] EXT4-fs (sda1): mounted filesystem with ordered data mode. Opts: (null)
t present, so skipping root file system
done.
Begin: Running /scripts/local-bottom ... done.
Begin: Running /scripts/init-bottom ... done.
[   27.436006] systemd[1]: systemd 229 running in system mode. (+PAM +AUDIT +SELINUX +IMA +APPARMOR +SMACK +SYSVINIT +UTMP +LIBCRYPTSETUP +GCRYPT +GNUTLS +ACL +XZ -LZ4 +SECCOMP +BLKID +ELFUTILS +KMOD -IDN)
[   27.574677] systemd[1]: Detected virtualization oracle.
[   27.633814] systemd[1]: Detected architecture x86-64.

Welcome to [1mUbuntu 16.04.3 LTS[0m!

[   27.708964] systemd[1]: Set hostname to <ubuntu-xenial>.
[   27.885486] systemd[1]: Started Forward Password Requests to Wall Directory Watch.
[[0;32m  OK  [0m] Started Forward Password Requests to Wall Directory Watch.
[   28.042017] systemd[1]: Reached target Swap.
[[0;32m  OK  [0m] Reached target Swap.
[   28.130139] systemd[1]: Listening on Journal Socket (/dev/log).
[[0;32m  OK  [0m] Listening on Journal Socket (/dev/log).
[   28.234295] systemd[1]: Reached target Encrypted Volumes.
[[0;32m  OK  [0m] Reached target Encrypted Volumes.
[   28.342390] systemd[1]: Listening on udev Kernel Socket.
[[0;32m  OK  [0m] Listening on udev Kernel Socket.
[   28.438218] systemd[1]: Listening on Journal Socket.
[[0;32m  OK  [0m] Listening on Journal Socket.
[   28.515258] systemd[1]: Started Trigger resolvconf update for networkd DNS.
[[0;32m  OK  [0m] Started Trigger resolvconf update for networkd DNS.
[   28.686738] systemd[1]: Listening on udev Control Socket.
[[0;32m  OK  [0m] Listening on udev Control Socket.
[   28.850258] systemd[1]: Listening on Journal Audit Socket.
[[0;32m  OK  [0m] Listening on Journal Audit Socket.
[   28.966147] systemd[1]: Set up automount Arbitrary Executable File Formats File System Automount Point.
[[0;32m  OK  [0m] Set up automount Arbitrary Executab...ats File System Automount Point.
[   29.166070] systemd[1]: Listening on Device-mapper event daemon FIFOs.
[[0;32m  OK  [0m] Listening on Device-mapper event daemon FIFOs.
[   29.222465] systemd[1]: Created slice User and Session Slice.
[[0;32m  OK  [0m] Created slice User and Session Slice.
[   29.355079] systemd[1]: Listening on /dev/initctl Compatibility Named Pipe.
[[0;32m  OK  [0m] Listening on /dev/initctl Compatibility Named Pipe.
[   29.454200] systemd[1]: Listening on LVM2 metadata daemon socket.
[[0;32m  OK  [0m] Listening on LVM2 metadata daemon socket.
[   29.562203] systemd[1]: Listening on LVM2 poll daemon socket.
[[0;32m  OK  [0m] Listening on LVM2 poll daemon socket.
[   29.650562] systemd[1]: Listening on Syslog Socket.
[[0;32m  OK  [0m] Listening on Syslog Socket.
[   29.754283] systemd[1]: Created slice System Slice.
[   29.811644] random: nonblocking pool is initialized
[[0;32m  OK  [0m] Created slice System Slice.
[   29.922843] systemd[1]: Starting Nameserver information manager...
         Starting Nameserver information manager...
[   30.013240] systemd[1]: Mounting POSIX Message Queue File System...
         Mounting POSIX Message Queue File System...
[   30.147255] systemd[1]: Starting Uncomplicated firewall...
         Starting Uncomplicated firewall...
[   30.238673] systemd[1]: Mounting Debug File System...
         Mounting Debug File System...
[   30.362601] systemd[1]: Starting Remount Root and Kernel File Systems...
         [   30.472582] EXT4-fs (sda1): re-mounted. Opts: (null)
Starting Remount Root and Kernel File Systems...
[   30.537647] systemd[1]: Starting Journal Service...
         Starting Journal Service...
[   30.643898] systemd[1]: Starting Load Kernel Modules...
         Starting Load Ke[   30.695050] Loading iSCSI transport class v2.0-870.
rnel Modules...[   30.789712] iscsi: registered transport (tcp)

[   30.852085] systemd[1]: Starting Create list of required static device nodes for the current kernel...
         Starting Create list of required[   31.000608] iscsi: registered transport (iser)
 st... nodes for the current kernel...
[   31.113514] systemd[1]: Starting Monitoring of LVM2 mirrors, snapshots etc. using dmeventd or progress polling...
         Starting Monitoring of LVM2 mirrors... dmeventd or progress polling...
[   31.278861] systemd[1]: Starting Set console keymap...
         Starting Set console keymap...
[   31.386573] systemd[1]: Mounting Huge Pages File System...
         Mounting Huge Pages File System...
[   31.518802] systemd[1]: Created slice system-serial\x2dgetty.slice.
[[0;32m  OK  [0m] Created slice system-serial\x2dgetty.slice.
[   31.650015] systemd[1]: Reached target User and Group Name Lookups.
[[0;32m  OK  [0m] Reached target User and Group Name Lookups.
[   31.770166] systemd[1]: Reached target Slices.
[[0;32m  OK  [0m] Reached target Slices.
[   31.868842] systemd[1]: Mounted POSIX Message Queue File System.
[[0;32m  OK  [0m] Mounted POSIX Message Queue File System.
[   32.014930] systemd[1]: Mounted Debug File System.
[[0;32m  OK  [0m] Mounted Debug File System.
[   32.131027] systemd[1]: Mounted Huge Pages File System.
[[0;32m  OK  [0m] Mounted Huge Pages File System.
[   32.259103] systemd[1]: Started Journal Service.
[[0;32m  OK  [0m] Started Journal Service.
[[0;32m  OK  [0m] Started Uncomplicated firewall.
[[0;32m  OK  [0m] Started Remount Root and Kernel File Systems.
[[0;32m  OK  [0m] Started Load Kernel Modules.
[[0;32m  OK  [0m] Started Create list of required sta...ce nodes for the current kernel.
[[0;32m  OK  [0m] Started Set console keymap.
[[0;32m  OK  [0m] Started Nameserver information manager.
[[0;32m  OK  [0m] Started LVM2 metadata daemon.
         Starting Create Static Device Nodes in /dev...
         Starting Apply Kernel Variables...
         Mounting FUSE Control File System...
         Starting Load/Save Random Seed...
         Starting udev Coldplug all Devices...
         Starting Initial cloud-init job (pre-networking)...
         Starting Flush Journal to Persistent Storage...
[[0;32m  OK  [0m] Mounted FUSE Control File System.
[[0;32m  OK  [0m] Started Monitoring of LVM2 mirrors,...ng dmeventd or progress polling.
[[0;32m  OK  [0m] Started Create Static Device Nodes in /dev.
[[0;32m  OK  [0m] Started Apply Kernel Variables.
[[0;32m  OK  [0m] Started Load/Save Random Seed.
[[0;32m  OK  [0m] Started udev Coldplug all Devices.
         Starting udev Kernel Device Manager...
[[0;32m  OK  [0m] Started Flush Journal to Persistent Storage.
[[0;32m  OK  [0m] Started udev Kernel Device Manager.
[[0;32m  OK  [0m] Started Dispatch Password Requests to Console Directory Watch.
[[0;32m  OK  [0m] Reached target Local File Systems (Pre).
[[0;32m  OK  [0m] Reached target Local File Systems.
         Starting LSB: AppArmor initialization...
         Starting Tell Plymouth To Write Out Runtime Data...
         Starting Set console font and keymap...
         Starting Create Volatile Files and Directories...
[[0;32m  OK  [0m] Started Tell Plymouth To Write Out Runtime Data.
[[0;32m  OK  [0m] Started Create Volatile Files and Directories.
         Starting Update UTMP about System Boot/Shutdown...
[[0;32m  OK  [0m] Reached target System Time Synchronized.
[[0;32m  OK  [0m] Started Update UTMP about System Boot/Shutdown.
[[0;32m  OK  [0m] Started LSB: AppArmor initialization.
[[0;32m  OK  [0m] Found device /dev/ttyS0.
[[0;32m  OK  [0m] Found device 82540EM Gigabit Ethern...r (PRO/1000 MT Desktop Adapter).
[[0;32m  OK  [0m] Found device 82540EM Gigabit Ethern...r (PRO/1000 MT Desktop Adapter).
[   24.704604] cloud-init[461]: Cloud-init v. 0.7.9 running 'init-local' at Sat, 30 Sep 2017 18:04:09 +0000. Up 23.96 seconds.
[[0;32m  OK  [0m] Listening on Load/Save RF Kill Switch Status /dev/rfkill Watch.
[[0;32m  OK  [0m] Started Initial cloud-init job (pre-networking).
[[0;32m  OK  [0m] Reached target Network (Pre).
[[0;32m  OK  [0m] Started ifup for enp0s3.
[[0;32m  OK  [0m] Started ifup for enp0s8.
         Starting Raise network interfaces...
[[0;32m  OK  [0m] Started Set console font and keymap.
[[0;32m  OK  [0m] Created slice system-getty.slice.
[[0;32m  OK  [0m] Started Raise network interfaces.
         Starting Initial cloud-init job (metadata service crawler)...
[[0;32m  OK  [0m] Reached target Network.
[   27.760865] cloud-init[1075]: Cloud-init v. 0.7.9 running 'init' at Sat, 30 Sep 2017 18:04:12 +0000. Up 27.18 seconds.
[   27.881061] cloud-init[1075]: ci-info: ++++++++++++++++++++++++++++++++++++++Net device info++++++++++++++++++++++++++++++++++++++
[   27.995009] cloud-init[1075]: ci-info: +--------+------+-----------------------------+---------------+-------+-------------------+
[[0;32m  OK  [0m] Started Initial cloud-init job (metadata service crawler).
[   28.110722] cloud-init[1075]: ci-info: | Device |  Up  |           Address           |      Mask     | Scope |     Hw-Address    |
[   28.276569] cloud-init[1075]: ci-info: +--------+------+-----------------------------+---------------+-------+-------------------+
[[0;32m  OK  [0m] Reached target System Initialization.
         Starting Docker Socket for the API.
[   28.378762] cloud-init[1075]: ci-info: | enp0s8 | True |        192.168.33.10        | 255.255.255.0 |   .   | 08:00:27:21:88:21 |
[   28.596567] cloud-init[1075]: ci-info: | enp0s8 | True | fe80::a00:27ff:fe21:8821/64 |       .       |  link | 08:00:27:21:88:21 |
         Starting LXD - unix socket.
[   28.692424] [[0;32m  OK  [0m] Started Daily Cleanup of Temporary Directories.
[[0;32m  OK  [0m] Listening on UUID daemon activation socket.
[[0;32m  OK  [0m] Listening on D-Bus System Message Bus Socket.
cloud-init[1075]: ci-info: |   lo   | True |          127.0.0.1          |   255.0.0.0   |   .   |         .         |
[[0;32m  OK  [0m[   28.992493] cloud-init[1075]: ci-info: |   lo   | True |           ::1/128           |       .       |  host |         .         |
[   28.992563] cloud-init[1075]: ci-info: | enp0s3 | True |          10.0.2.15          | 255.255.255.0 |   .   | 02:dc:25:78:06:25 |
[   28.992604] cloud-init[1075]: ci-info: | enp0s3 | True |  fe80::dc:25ff:fe78:625/64  |       .       |  link | 02:dc:25:78:06:25 |
[   28.992654] cloud-init[1075]: ci-info: +--------+------+-----------------------------+---------------+-------+-------------------+
[   28.992714] cloud-init[1075]: ci-info: ++++++++++++++++++++++++++++Route IPv4 info++++++++++++++++++++++++++++
[   28.992770] cloud-init[1075]: ci-info: +-------+--------------+----------+---------------+-----------+-------+
[   28.992818] cloud-init[1075]: ci-info: | Route | Destination  | Gateway  |    Genmask    | Interface | Flags |
[   28.992909] cloud-init[1075]: ci-info: +-------+--------------+----------+---------------+-----------+-------+
[   28.992961] cloud-init[1075]: ci-info: |   0   |   0.0.0.0    | 10.0.2.2 |    0.0.0.0    |   enp0s3  |   UG  |
[   28.993011] cloud-init[1075]: ci-info: |   1   |   10.0.2.0   | 0.0.0.0  | 255.255.255.0 |   enp0s3  |   U   |
[   28.993063] cloud-init[1075]: ci-info: |   2   | 192.168.33.0 | 0.0.0.0  | 255.255.255.0 |   enp0s8  |   U   |
[   28.993114] cloud-init[1075]: ci-info: +-------+--------------+----------+---------------+-----------+-------+
] Started ACPI Events Check.
[[0;32m  OK  [0m] Reached target Paths.
[[0;32m  OK  [0m] Listening on ACPID Listen Socket.
[[0;32m  OK  [0m] Started Timer to automatically refresh installed snaps.
[[0;32m  OK  [0m] Started Timer to automatically fetch and run repair assertions.
         Starting Socket activation for snappy daemon.
[[0;32m  OK  [0m] Reached target Cloud-config availability.
[[0;32m  OK  [0m] Reached target Network is Online.
[[0;32m  OK  [0m] Started Daily apt download activities.
[[0;32m  OK  [0m] Started Daily apt upgrade and clean activities.
[[0;32m  OK  [0m] Reached target Timers.
         Starting iSCSI initiator daemon (iscsid)...
[[0;32m  OK  [0m] Listening on Docker Socket for the API.
[[0;32m  OK  [0m] Listening on LXD - unix socket.
[[0;32m  OK  [0m] Listening on Socket activation for snappy daemon.
[[0;32m  OK  [0m] Started iSCSI initiator daemon (iscsid).
         Starting Login to default iSCSI targets...
[[0;32m  OK  [0m] Reached target Sockets.
[[0;32m  OK  [0m] Reached target Basic System.
         Starting Accounts Service...
         Starting LSB: MD monitoring daemon...
[[0;32m  OK  [0m] Started Regular background program processing daemon.
[[0;32m  OK  [0m] Started D-Bus System Message Bus.
[[0;32m  OK  [0m] Started Deferred execution scheduler.
         Starting /etc/rc.local Compatibility...
         Starting LXD - container startup/shutdown...
         Starting Login Service...
[[0;32m  OK  [0m] Started FUSE filesystem for LXC.
[[0;32m  OK  [0m] Started ACPI event daemon.
         Starting OpenBSD Secure Shell server...
         Starting Snappy daemon...
         Starting Apply the settings specified in cloud-config...
         Starting LSB: Record successful boot for GRUB...
[[0;32m  OK  [0m] Started Unattended Upgrades Shutdown.
         Starting System Logging Service...
         Starting Docker Application Container Engine...
[[0;32m  OK  [0m] Started OpenBSD Secure Shell server.
[[0;32m  OK  [0m] Started Snappy daemon.
[[0;32m  OK  [0m] Started System Logging Service.
[[0;32m  OK  [0m] Started /etc/rc.local Compatibility.
[[0;32m  OK  [0m] Started LXD - container startup/shutdown.
[[0;32m  OK  [0m] Started Login to default iSCSI targets.
[[0;32m  OK  [0m] Started LSB: MD monitoring daemon.
[[0;32m  OK  [0m] Started LSB: Record successful boot for GRUB.
         Starting Authenticate and Authorize Users to Run Privileged Tasks...
[[0;32m  OK  [0m] Reached target Remote File Systems (Pre).
[   32.264673] cloud-init[1185]: Cloud-init v. 0.7.9 running 'modules:config' at Sat, 30 Sep 2017 18:04:17 +0000. Up 32.11 seconds.
[[0;32m  OK  [0m] Reached target Remote File Systems.
         Starting LSB: Apache2 web server...
         Starting Permit User Sessions...
         Starting LSB: Set the CPU Frequency Scaling governor to "ondemand"...
         Starting LSB: daemon to balance interrupts for SMP systems...
         Starting LSB: VirtualBox Linux Additions...
         Starting LSB: automatic crash report generation...
         Starting LSB: Set up cgroupfs mounts....
         Starting Auto import assertions from block devices...
[[0;32m  OK  [0m] Started Apply the settings specified in cloud-config.
[[0;32m  OK  [0m] Started Permit User Sessions.
[[0;32m  OK  [0m] Started LSB: Set up cgroupfs mounts..
[[0;32m  OK  [0m] Started Auto import assertions from block devices.
[[0;32m  OK  [0m] Started Login Service.
[[0;32m  OK  [0m] Started Authenticate and Authorize Users to Run Privileged Tasks.
[[0;32m  OK  [0m] Started Accounts Service.
[[0;32m  OK  [0m] Started LSB: Set the CPU Frequency Scaling governor to "ondemand".
[[0;32m  OK  [0m] Started LSB: daemon to balance interrupts for SMP systems.
[[0;32m  OK  [0m] Created slice User Slice of ubuntu.
[[0;32m  OK  [0m] Started Session 1 of user ubuntu.
         Starting User Manager for UID 1000...
         Starting Terminate Plymouth Boot Screen...
         Starting Hold until boot process finishes up...
[[0;32m  OK  [0m] Started Docker Application Container Engine.
[[0;32m  OK  [0m] Started User Manager for UID 1000.
[[0;32m  OK  [0m] Started LSB: VirtualBox Linux Additions.
[[0;32m  OK  [0m] Started LSB: automatic crash report generation.
[[0;32m  OK  [0m] Started Terminate Plymouth Boot Screen.
[[0;32m  OK  [0m] Started Hold until boot process finishes up.
[[0;32m  OK  [0m] Started Getty on tty1.
         Starting Set console scheme...
[[0;32m  OK  [0m] Started Serial Getty on ttyS0.
[[0;32m  OK  [0m] Reached target Login Prompts.
[[0;32m  OK  [0m] Started Set console scheme.
[[0;32m  OK  [0m] Started LSB: Apache2 web server.
[[0;32m  OK  [0m] Reached target Multi-User System.
         Starting Execute cloud user/final scripts...
[[0;32m  OK  [0m] Reached target Graphical Interface.
         Starting Update UTMP about System Runlevel Changes...
[[0;32m  OK  [0m] Started Update UTMP about System Runlevel Changes.
[   35.074106] cloud-init[1818]: Cloud-init v. 0.7.9 running 'modules:final' at Sat, 30 Sep 2017 18:04:20 +0000. Up 34.97 seconds.
[   35.236391] cloud-init[1818]: Cloud-init v. 0.7.9 finished at Sat, 30 Sep 2017 18:04:20 +0000. Datasource DataSourceNoCloud [seed=/dev/sdb][dsmode=net].  Up 35.07 seconds
[[0;32m  OK  [0m] Started Execute cloud user/final scripts.
[[0;32m  OK  [0m] Reached target Cloud-init target.

Ubuntu 16.04.3 LTS ubuntu-xenial ttyS0

ubuntu-xenial login: [[0;32m  O0         Stopping LSB: automatic crash report generation...
[[0;32m  OK  [0m] Stopped Daily Cleanup of Temporary Directories.
         Stopping D-Bus System Message Bus...
[[0;32m  OK  [0m] Stopped Apply the settings specified in cloud-config.
         Stopping LXD - container startup/shutdown...
[[0;32m  OK  [0m] Stopped target Cloud-config availability.
         Stopping Session 10 of user ubuntu.
         Stopping Accounts Service...
[[0;32m  OK  [0m] Unmounted /run/docker/netns/53d0d03de461.
[[0;32m  OK  [0m] Unmounted /var/lib/docker/container...483b0311d830e45114e4bde5d9b/shm.
[[0;32m  OK  [0m] Unmounted /var/lib/docker/overlay2/...523ca63f097064d5ecb48f7c/merged.
[[0;32m  OK  [0m] Unmounted /run/docker/netns/2f610f712c7f.
[[0;32m  OK  [0m] Unmounted /var/lib/docker/container...e85fbdccf3526f9348da1f1b873/shm.
[[0;32m  OK  [0m] Unmounted /var/lib/docker/overlay2/...98d6025d5389d9f1985ae45b/merged.
[[0;32m  OK  [0m] Unmounted /var/lib/docker/overlay2.
[[0;32m  OK  [0m] Unmounted /var/lib/docker/plugins.
[[0;32m  OK  [0m] Unmounted /var/lib/lxcfs.
[[0;32m  OK  [0m] Stopped Accounts Service.
[[0;32m  OK  [0m] Stopped Regular background program processing daemon.
[[0;32m  OK  [0m] Stopped Deferred execution scheduler.
[[0;32m  OK  [0m] Stopped ACPI event daemon.
[[0;32m  OK  [0m] Stopped OpenBSD Secure Shell server.
[[0;32m  OK  [0m] Stopped Snappy daemon.
[[0;32m  OK  [0m] Stopped System Logging Service.
[[0;32m  OK  [0m] Stopped Docker Application Container Engine.
[[0;32m  OK  [0m] Stopped Authenticate and Authorize Users to Run Privileged Tasks.
[[0;32m  OK  [0m] Stopped Getty on tty1.
[[0;32m  OK  [0m] Stopped Serial Getty on ttyS0.
[[0;32m  OK  [0m] Stopped User Manager for UID 1000.
[[0;32m  OK  [0m] Stopped Unattended Upgrades Shutdown.
[[0;32m  OK  [0m] Stopped LSB: Set up cgroupfs mounts..
[[0;32m  OK  [0m] Stopped D-Bus System Message Bus.
[[0;32m  OK  [0m] Stopped Session 10 of user ubuntu.
[[0;32m  OK  [0m] Stopped FUSE filesystem for LXC.
[[0;32m  OK  [0m] Stopped LSB: Record successful boot for GRUB.
[[0;32m  OK  [0m] Stopped LSB: VirtualBox Linux Additions.
[[0;32m  OK  [0m] Stopped LSB: Set the CPU Frequency Scaling governor to "ondemand".
[[0;32m  OK  [0m] Stopped LSB: MD monitoring daemon.
[[0;32m  OK  [0m] Stopped LSB: daemon to balance interrupts for SMP systems.
[[0;32m  OK  [0m] Stopped LSB: automatic crash report generation.
[[0;32m  OK  [0m] Stopped LXD - container startup/shutdown.
[[0;32m  OK  [0m] Removed slice User Slice of ubuntu.
         Stopping Login Service...
[[0;32m  OK  [0m] Removed slice system-serial\x2dgetty.slice.
[[0;32m  OK  [0m] Removed slice system-getty.slice.
[[0;32m  OK  [0m] Stopped /etc/rc.local Compatibility.
         Stopping Permit User Sessions...
[[0;32m  OK  [0m] Stopped Login Service.
[[0;32m  OK  [0m] Stopped Permit User Sessions.
[[0;32m  OK  [0m] Stopped target User and Group Name Lookups.
[[0;32m  OK  [0m] Stopped LSB: Apache2 web server.
[[0;32m  OK  [0m] Stopped target Basic System.
[[0;32m  OK  [0m] Stopped target Sockets.
[[0;32m  OK  [0m] Closed D-Bus System Message Bus Socket.
[[0;32m  OK  [0m] Closed Syslog Socket.
[[0;32m  OK  [0m] Closed ACPID Listen Socket.
[[0;32m  OK  [0m] Closed LXD - unix socket.
[[0;32m  OK  [0m] Closed Docker Socket for the API.
[[0;32m  OK  [0m] Closed Socket activation for snappy daemon.
[[0;32m  OK  [0m] Closed UUID daemon activation socket.
[[0;32m  OK  [0m] Stopped target Slices.
[[0;32m  OK  [0m] Removed slice User and Session Slice.
[[0;32m  OK  [0m] Stopped target Paths.
[[0;32m  OK  [0m] Stopped Dispatch Password Requests to Console Directory Watch.
[[0;32m  OK  [0m] Stopped ACPI Events Check.
[[0;32m  OK  [0m] Stopped Forward Password Requests to Wall Directory Watch.
[[0;32m  OK  [0m] Stopped target System Initialization.
[[0;32m  OK  [0m] Stopped target Encrypted Volumes.
[[0;32m  OK  [0m] Stopped Create Volatile Files and Directories.
[[0;32m  OK  [0m] Stopped target Swap.
         Stopping Load/Save Random Seed...
[[0;32m  OK  [0m] Stopped target Remote File Systems.
[[0;32m  OK  [0m] Stopped target Remote File Systems (Pre).
         Stopping Login to default iSCSI targets...
[[0;32m  OK  [0m] Stopped Load/Save Random Seed.
[[0;32m  OK  [0m] Stopped Login to default iSCSI targets.
         Stopping iSCSI initiator daemon (iscsid)...
[[0;32m  OK  [0m] Stopped iSCSI initiator daemon (iscsid).
[[0;32m  OK  [0m] Stopped target Network is Online.
[[0;32m  OK  [0m] Stopped Initial cloud-init job (metadata service crawler).
[[0;32m  OK  [0m] Stopped target Network.
         Stopping Raise network interfaces...
[[0;32m  OK  [0m] Stopped Raise network interfaces.
[[0;32m  OK  [0m] Stopped target Local File Systems.
         Unmounting /run/user/1000...
         Unmounting /vagrant...
[[0;32m  OK  [0m] Stopped target Network (Pre).
[[0;32m  OK  [0m] Stopped Initial cloud-init job (pre-networking).
[[0;32m  OK  [0m] Stopped Apply Kernel Variables.
[[0;32m  OK  [0m] Stopped Load Kernel Modules.
[[0;32m  OK  [0m] Unmounted /run/user/1000.
[[0;32m  OK  [0m] Unmounted /vagrant.
[[0;32m  OK  [0m] Reached target Unmount All Filesystems.
[[0;32m  OK  [0m] Stopped target Local File Systems (Pre).
[[0;32m  OK  [0m] Stopped Remount Root and Kernel File Systems.
[[0;32m  OK  [0m] Stopped Create Static Device Nodes in /dev.
[[0;32m  OK  [0m] Reached target Shutdown.
[ 28932233664] reboot: Power down
